{"meta": {"version": "7.2.7", "timestamp": "2023-06-16T14:30:52.027016", "branch_coverage": false, "show_contexts": false}, "files": {"omise/__init__.py": {"executed_lines": [1, 2, 4, 5, 8, 9, 10, 18, 19, 20, 24, 25, 28, 56, 66, 94, 103, 105, 106, 107, 108, 109, 113, 114, 129, 130, 131, 132, 134, 135, 136, 138, 139, 141, 142, 144, 145, 146, 147, 148, 152, 153, 154, 159, 160, 169, 170, 171, 173, 174, 177, 178, 181, 182, 185, 186, 187, 188, 189, 190, 192, 193, 202, 205, 207, 208, 209, 211, 212, 214, 215, 221, 223, 224, 225, 228, 230, 231, 232, 235, 236, 252, 253, 254, 256, 257, 262, 264, 269, 271, 292, 293, 294, 300, 301, 316, 317, 318, 320, 321, 326, 328, 333, 336, 337, 354, 362, 363, 378, 379, 380, 382, 383, 388, 390, 395, 398, 399, 419, 420, 421, 423, 424, 425, 427, 428, 459, 460, 465, 466, 473, 475, 480, 485, 486, 503, 504, 507, 508, 509, 511, 512, 521, 523, 528, 532, 557, 558, 559, 564, 580, 584, 585, 590, 593, 594, 610, 611, 612, 614, 615, 616, 618, 619, 628, 629, 630, 632, 633, 638, 640, 645, 649, 665, 666, 669, 670, 687, 688, 689, 691, 692, 693, 695, 696, 720, 725, 726, 733, 734, 737, 739, 740, 745, 747, 752, 756, 775, 776, 777, 782, 787, 788, 790, 795, 796, 798, 804, 805, 807, 817, 818, 819, 820, 822, 829, 834, 836, 837, 845, 850, 851, 853, 854, 856, 857, 858, 860, 861, 863, 873, 874, 876, 877, 878, 881, 882, 898, 899, 900, 902, 903, 908, 910, 911, 912, 914, 915, 938, 943, 944, 951, 952, 955, 957, 962, 966, 989, 990, 991, 996, 1011, 1015, 1022, 1029, 1030, 1035, 1037, 1045, 1046, 1047, 1050, 1051, 1052, 1053, 1054, 1056, 1057, 1059, 1060, 1061, 1062, 1064, 1066, 1067, 1068, 1070, 1071, 1073, 1076, 1077, 1078, 1079, 1081, 1082, 1084, 1086, 1087, 1088, 1090, 1091, 1093, 1094, 1098, 1099, 1101, 1102, 1104, 1105, 1107, 1118, 1119, 1134, 1135, 1136, 1138, 1140, 1141, 1142, 1144, 1145, 1146, 1147, 1148, 1152, 1154, 1155, 1160, 1162, 1163, 1170, 1171, 1178, 1179, 1186, 1193, 1198, 1202, 1222, 1223, 1224, 1229, 1246, 1247, 1249, 1259, 1260, 1261, 1262, 1265, 1266, 1283, 1284, 1287, 1288, 1289, 1291, 1292, 1301, 1303, 1308, 1312, 1328, 1332, 1333, 1338, 1341, 1342, 1357, 1358, 1359, 1361, 1362, 1363, 1365, 1366, 1375, 1376, 1377, 1379, 1380, 1385, 1387, 1392, 1397, 1398, 1413, 1414, 1421, 1425, 1426, 1441, 1442, 1443, 1445, 1446, 1447, 1449, 1450, 1473, 1478, 1479, 1486, 1487, 1490, 1492, 1493, 1498, 1500, 1509, 1524, 1528, 1529, 1534, 1537, 1538, 1550, 1551, 1552, 1554, 1555, 1562, 1567, 1568, 1569, 1570, 1572, 1573, 1574, 1576, 1577, 1584, 1585, 1588, 1590, 1591, 1596, 1599, 1600, 1616, 1617, 1618, 1620, 1621, 1622, 1624, 1625, 1653, 1658, 1659, 1668, 1669, 1671, 1673, 1674, 1679, 1681, 1686, 1690, 1717, 1718, 1719, 1724, 1739, 1743, 1744, 1749, 1752, 1753, 1770, 1771, 1776, 1778, 1779, 1780, 1782, 1787, 1792, 1793, 1815, 1818, 1822, 1823, 1825, 1826, 1827, 1829, 1830, 1831, 1832, 1834, 1836, 1841, 1842, 1855, 1856, 1857, 1859, 1860, 1861, 1863, 1864, 1896, 1901, 1902, 1911, 1912, 1916, 1918, 1919, 1924, 1926, 1931, 1935, 1951, 1955, 1956, 1961, 1962, 1964, 1971, 1972, 1973, 1976, 1977, 2014, 2015, 2016, 2018, 2019, 2020, 2024, 2025, 2032, 2036, 2037, 2053, 2054, 2055, 2057, 2058, 2059, 2061, 2062, 2081, 2086, 2087, 2096, 2097, 2100, 2102, 2103, 2108, 2110, 2115, 2119, 2143, 2144, 2145, 2150, 2169, 2173, 2174, 2179, 2182, 2183, 2199, 2200, 2201, 2203, 2204, 2205, 2207, 2208, 2217, 2218, 2221, 2223, 2224, 2229, 2231, 2236], "summary": {"covered_lines": 557, "num_statements": 587, "percent_covered": 94.8892674616695, "percent_covered_display": "95", "missing_lines": 30, "excluded_lines": 0}, "missing_lines": [12, 13, 14, 104, 110, 143, 149, 150, 175, 179, 183, 355, 356, 505, 827, 1020, 1027, 1074, 1096, 1137, 1149, 1168, 1176, 1184, 1191, 1285, 1505, 1816, 1819, 1820], "excluded_lines": []}, "omise/errors.py": {"executed_lines": [1, 16, 39, 53, 54, 57, 58, 61, 62, 65, 66, 69, 70, 73, 74, 77, 78, 81, 82, 85, 86, 89, 90, 93, 94, 97, 98], "summary": {"covered_lines": 27, "num_statements": 34, "percent_covered": 79.41176470588235, "percent_covered_display": "79", "missing_lines": 7, "excluded_lines": 0}, "missing_lines": [24, 45, 46, 47, 48, 49, 50], "excluded_lines": []}, "omise/request.py": {"executed_lines": [1, 2, 3, 4, 6, 7, 10, 11, 16, 17, 18, 19, 22, 23, 29, 30, 33, 34, 48, 49, 50, 51, 52, 53, 55, 83, 84, 85, 87, 88, 89, 91, 98, 100, 102, 104, 105, 106, 107, 109, 110, 111, 113, 120, 122, 124, 126, 127, 128, 129, 130, 132, 133, 135, 137, 138, 139, 140, 142, 143, 144, 145, 146, 147, 148, 149, 150, 152, 153, 154, 155, 156, 158, 159], "summary": {"covered_lines": 73, "num_statements": 81, "percent_covered": 90.12345679012346, "percent_covered_display": "90", "missing_lines": 8, "excluded_lines": 0}, "missing_lines": [12, 13, 24, 25, 101, 123, 134, 157], "excluded_lines": []}, "omise/version.py": {"executed_lines": [1, 2], "summary": {"covered_lines": 2, "num_statements": 2, "percent_covered": 100.0, "percent_covered_display": "100", "missing_lines": 0, "excluded_lines": 0}, "missing_lines": [], "excluded_lines": []}, "setup.py": {"executed_lines": [2, 3, 7, 10, 11, 15, 16, 18], "summary": {"covered_lines": 8, "num_statements": 11, "percent_covered": 72.72727272727273, "percent_covered_display": "73", "missing_lines": 3, "excluded_lines": 0}, "missing_lines": [8, 12, 13], "excluded_lines": []}}, "totals": {"covered_lines": 667, "num_statements": 715, "percent_covered": 93.2867132867133, "percent_covered_display": "93", "missing_lines": 48, "excluded_lines": 0}}